<?xml version="1.0" encoding="UTF-8"?>
<!-- Generated by org.testng.reporters.JUnitReportReporter -->
<testsuite hostname="LAPTOP-FB173B5U" failures="0" tests="1" name="TESTCASES.TC01_Nationalities" time="9.164" errors="0" timestamp="2024-09-06T11:57:20 IST" skipped="0">
  <testcase classname="TESTCASES.TC01_Nationalities" name="MainTest" time="9.164"/>
</testsuite> <!-- TESTCASES.TC01_Nationalities -->
